<?xml version="1.0" encoding="UTF-8"?>
<testsuite xmlns:xsi="http://www.w3.org/2001/XMLSchema-instance" xsi:noNamespaceSchemaLocation="https://maven.apache.org/surefire/maven-surefire-plugin/xsd/surefire-test-report-3.0.xsd" version="3.0" name="com.docencia.tasks.infrastructure.security.JwtAuthenticationFilterTest" time="0.24" tests="5" errors="0" skipped="0" failures="0">
  <properties>
[...]
</properties>
  <testcase name="testDoFilterInternal_NoAuthHeader" classname="com.docencia.tasks.infrastructure.security.JwtAuthenticationFilterTest" time="0.224"/>
  <testcase name="testDoFilterInternal_Exception" classname="com.docencia.tasks.infrastructure.security.JwtAuthenticationFilterTest" time="0.005"/>
  <testcase name="testDoFilterInternal_InvalidToken" classname="com.docencia.tasks.infrastructure.security.JwtAuthenticationFilterTest" time="0.002"/>
  <testcase name="testDoFilterInternal_InvalidHeaderStart" classname="com.docencia.tasks.infrastructure.security.JwtAuthenticationFilterTest" time="0.001"/>
  <testcase name="testDoFilterInternal_ValidToken" classname="com.docencia.tasks.infrastructure.security.JwtAuthenticationFilterTest" time="0.003"/>
</testsuite>